<?xml version="1.0" encoding="UTF-8"?>
<testsuite xmlns:xsi="http://www.w3.org/2001/XMLSchema-instance" xsi:noNamespaceSchemaLocation="https://maven.apache.org/surefire/maven-surefire-plugin/xsd/surefire-test-report.xsd" name="com.bmwcarit.barefoot.matcher.MatcherTestOnAction" time="164.729" tests="1" errors="0" skipped="0" failures="1">
  <properties>
[...]
</properties>
  <testcase name="matchBatchTest" classname="com.bmwcarit.barefoot.matcher.MatcherTestOnAction" time="164.728">
    <failure message="Expected &lt;{&quot;x&quot;:140.9166931543194,&quot;y&quot;:38.26855049653545}&gt;, actual &lt;{&quot;x&quot;:140.91671727164103,&quot;y&quot;:38.26848758529633}&gt;." type="java.lang.AssertionError"><![CDATA[java.lang.AssertionError: Expected <{"x":140.9166931543194,"y":38.26855049653545}>, actual <{"x":140.91671727164103,"y":38.26848758529633}>.
	at com.bmwcarit.barefoot.matcher.MatcherTestOnAction.compareMatchedResultWithTrueAnswer(MatcherTestOnAction.kt:167)
	at com.bmwcarit.barefoot.matcher.MatcherTestOnAction.matchBatchTest(MatcherTestOnAction.kt:240)
]]></failure>
    <system-out><![CDATA[2020-11-16 08:58:55,086 INFO  [main] Loader: load map from database incrementP
2020-11-16 08:58:55,086 INFO  [main] Loader: open road reader for database incrementP at 35.200.63.193:5432
2020-11-16 08:58:55,086 INFO  [main] Loader: database.host=35.200.63.193
2020-11-16 08:58:55,086 INFO  [main] Loader: database.port=5432
2020-11-16 08:58:55,086 INFO  [main] Loader: database.name=incrementP
2020-11-16 08:58:55,086 INFO  [main] Loader: database.table=map.road_link
2020-11-16 08:58:55,086 INFO  [main] Loader: database.user=map_read_user
2020-11-16 08:58:55,087 INFO  [main] Loader: database.road-types=./map/tools/road-types.json
2020-11-16 08:58:55,094 INFO  [main] PostGISReader: getBoundingPolygon called with 10 group of points 

2020-11-16 08:58:58,350 INFO  [main] PostGISReader: 11 clusters detected 
2020-11-16 08:58:58,460 INFO  [main] PostGISReader: Area of bounding polygon is 0.020555052173009118
2020-11-16 08:58:58,460 INFO  [main] PostGISReader: Area of covering shape is 0.019727894470277126
2020-11-16 08:58:58,498 INFO  [main] PostGISReader: open reader (standard)
2020-11-16 08:58:58,498 INFO  [main] PostGISReader: open reader (parameterized)
2020-11-16 08:58:58,834 INFO  [main] RoadMap: inserting roads ...
2020-11-16 08:58:58,947 INFO  [main] PostGISReader: execute query
2020-11-16 08:58:58,947 INFO  [main] PostGISReader: query string: WITH t AS
    (SELECT objectid,
    roadclass_c,
    from_node_id,
    to_node_id,
    CASE
        WHEN (oneway_c = 2) OR (oneway_c = 4) THEN st_reverse(st_setsrid(shape,4326))
        ELSE st_setsrid(shape,4326) END
    AS shape,
    CASE
        WHEN (oneway_c = 0) THEN 0
        WHEN (oneway_c = 1) OR (oneway_c = 3) THEN 1
        WHEN (oneway_c = 2) OR (oneway_c = 4) THEN -1
        ELSE 1 END
    AS reverse
    FROM map.road_link WHERE st_dwithin(st_setsrid(shape, 4326),st_setsrid(st_makepoint((136.9064)::double precision, (35.1814)::double precision), 4326),(8000000.0)::double precision))
    SELECT t.objectid,t.objectid,t.roadclass_c,st_length(t.shape),t.reverse,t.from_node_id,t.to_node_id,130,130,1,ST_AsBinary(t.shape) FROM t  WHERE ST_Intersects(ST_GeomFromText('MULTIPOLYGON (((135.13197 34.251461, 135.13210080625845 34.251465282153525, 135.13223105238444 34.251478110277255, 135.132360180644 34.25149942943919, 135.1324876380902 34.25152914834742, 135.13261287893062 34.25156713974101, 135.13273536686472 34.25161324093498, 135.13285457738044 34.25166725451694, 135.13297 34.25172894919243, 135.13308114046603 34.2517980607754, 135.133187522858 34.25187429331942, 135.13328869163018 34.251957320385046, 135.13338421356238 34.25204678643763, 135.13338521356363 34.25204778643888, 135.13338721356487 34.25204978644014, 135.13347667961494 34.2521453083698, 135.13355970668056 34.25224647714198, 135.1336359392246 34.252352859533964, 135.13370505080755 34.252464, 135.13376674548306 34.25257942261956, 135.133820759065 34.25269863313527, 135.13383716925253 34.25273951880779, 135.13443216925253 34.25427051880779, 135.13444168302934 34.25429549166871, 135.13446968302935 34.25437049166871, 135.134489860259 34.2544271210694, 135.1345278516526 34.254552361909795, 135.13455757056082 34.25467981935597, 135.13457888972275 34.254808947615565, 135.13458607438048 34.25487099256244, 135.13459107438047 34.25492099256243, 135.13459671784648 34.25498919374154, 135.134601 34.25512, 135.13459671784648 34.25525080625846, 135.13458388972273 34.255381052384436, 135.1345625705608 34.25551018064403, 135.13453285165258 34.25563763809021, 135.134494860259 34.255762878930604, 135.1344495228533 34.2558835203081, 135.1344305228533 34.25592952030811, 135.13442975906503 34.255931366864736, 135.13437574548308 34.25605057738044, 135.13431405080757 34.256166, 135.13424493922463 34.25627714046604, 135.13416870668058 34.25638352285802, 135.13408567961497 34.256484691630206, 135.1339962135624 34.25658021356237, 135.1339006916302 34.25666967961496, 135.13379952285803 34.25675270668059, 135.13369314046605 34.256828939224604, 135.13362189389338 34.25687439711149, 135.13357589389335 34.25690239711149, 135.133536 34.25692605080757, 135.13342057738043 34.256987745483066, 135.1333013668647 34.257041759065025, 135.1332783083074 34.25705114253, 135.08318630830743 34.27707314253, 135.08308687893063 34.27710986025899, 135.08308123277135 34.27711176749501, 135.08296223277134 34.277151767495006, 135.0828426380902 34.27718785165258, 135.08271518064402 34.27721757056081, 135.0826303218518 34.27723255725108, 135.0825073218518 34.277251557251084, 135.08246305238444 34.27725788972275, 135.08233280625845 34.27727071784648, 135.08230953652435 34.27727210688145, 135.08217953652436 34.277279106881444, 135.082072 34.277282, 135.08205637547687 34.27728193896763, 135.08192837547685 34.277280938967635, 135.08181319374154 34.277276717846476, 135.081690071729 34.27726481461664, 135.08156507172902 34.27724881461664, 135.08155794761555 34.277247889722744, 135.08144847779283 34.27723037866428, 135.08132647779283 34.27720737866428, 135.08130681935597 34.27720357056081, 135.08128170933682 34.277198408358466, 135.07947270933684 34.27681440835847, 135.07937901340154 34.276792149074545, 135.07934101340152 34.27678214907454, 135.0793323619098 34.27677985165258, 135.07920712106937 34.27674186025899, 135.07908463313527 34.27669575906502, 135.07896542261955 34.27664174548306, 135.07885772212325 34.27658448628423, 135.07882272212325 34.27656448628423, 135.078815 34.27656005080757, 135.07870385953396 34.2764909392246, 135.07859747714198 34.27641470668058, 135.0784963083698 34.276331679614955, 135.0784007864376 34.27624221356237, 135.07831132038504 34.2761466916302, 135.07822829331943 34.27604552285802, 135.07815206077538 34.275939140466036, 135.07808294919244 34.275828, 135.07802831653868 34.27572675592296, 135.07686631653868 34.27341675592296, 135.07685925451693 34.27340257738044, 135.076805240935 34.27328336686473, 135.076759139741 34.273160878930604, 135.07672114834742 34.27303563809021, 135.07669977632062 34.27294802006736, 135.0763677763206 34.27144002006736, 135.07636139188236 34.271409920023586, 135.07634139188238 34.27131192002359, 135.0763394294392 34.271302180644035, 135.07631994128494 34.27118660219855, 135.07630594128491 34.271085602198546, 135.07630411027725 34.27107205238444, 135.07629479084252 34.27098735949911, 135.07626779084254 34.270682359499105, 135.0762669084835 34.270672090959586, 135.0762509084835 34.27048009095959, 135.07624828215353 34.27044480625846, 135.0762465458907 34.27041488152071, 135.0762365458907 34.27021688152071, 135.076234 34.270116, 135.07623400045716 34.27011464773527, 135.07623500045716 34.268635647735266, 135.07623542261035 34.268595887193854, 135.07631242261036 34.26485088719386, 135.07631628215353 34.26476119374154, 135.07632911027727 34.264630947615565, 135.0763504294392 34.26450181935597, 135.07638014834743 34.264374361909795, 135.076418139741 34.2642491210694, 135.076464240935 34.26412663313527, 135.07651825451694 34.264007422619564, 135.07657994919245 34.263892000000006, 135.0766490607754 34.263780859533966, 135.07672529331944 34.26367447714198, 135.07680832038506 34.2635733083698, 135.07689778643763 34.26347778643763, 135.07699330836982 34.26338832038505, 135.077094477142 34.26330529331942, 135.07720085953397 34.2632290607754, 135.077312 34.263159949192435, 135.07742742261956 34.26309825451694, 135.07754663313528 34.26304424093498, 135.0776691210694 34.262998139741015, 135.0777943619098 34.262960148347425, 135.0778949841207 34.26293595865167, 135.13140498412068 34.251527958651664, 135.13143181935598 34.25152242943919, 135.1315148757185 34.251507722014566, 135.1316628757185 34.25148472201457, 135.13170894761555 34.251478110277255, 135.13183919374154 34.251465282153525, 135.13197 34.251461)), ((136.909931 34.982693, 136.91006180625845 34.982697282153524, 136.91019205238445 34.98271011027725, 136.91032118064402 34.98273142943919, 136.9104486380902 34.98276114834742, 136.91057387893062 34.98279913974101, 136.91069636686473 34.98284524093498, 136.91081557738045 34.98289925451694, 136.910931 34.98296094919243, 136.91104214046604 34.9830300607754, 136.911148522858 34.983106293319416, 136.9112496916302 34.983189320385044, 136.91134521356238 34.98327878643763, 136.91143467961496 34.9833743083698, 136.91151770668057 34.98347547714198, 136.91159393922462 34.98358185953396, 136.91166305080756 34.983693, 136.91172474548307 34.98380842261956, 136.91177875906502 34.983927633135266, 136.911824860259 34.984050121069394, 136.9118628516526 34.98417536190979, 136.9118925705608 34.98430281935597, 136.91191388972274 34.98443194761556, 136.91191957917616 34.984479568839674, 136.91642157917616 35.02642556883968, 136.91642634136903 35.02647593502374, 136.91709534136902 35.034653935023734, 136.91709771784647 35.034686193741535, 136.917102 35.034817, 136.91709771784647 35.03494780625846, 136.91708488972273 35.035078052384435, 136.9170635705608 35.03520718064403, 136.91703385165258 35.035334638090205, 136.916995860259 35.0354598789306, 136.916949759065 35.03558236686473, 136.91689574548306 35.035701577380436, 136.91683405080755 35.035816999999994, 136.9167649392246 35.035928140466034, 136.91668870668056 35.03603452285802, 136.91660567961495 35.0361356916302, 136.91651621356237 35.03623121356237, 136.91642069163018 35.03632067961495, 136.916319522858 35.03640370668058, 136.91621314046603 35.0364799392246, 136.916102 35.036549050807565, 136.91598657738044 35.03661074548306, 136.91586736686472 35.03666475906502, 136.9157448789306 35.036710860258985, 136.9156196380902 35.036748851652575, 136.915492180644 35.036778570560806, 136.91536305238444 35.036799889722744, 136.91523280625844 35.03681271784647, 136.915102 35.036817, 136.91497119374154 35.03681271784647, 136.91484094761555 35.036799889722744, 136.91471181935597 35.036778570560806, 136.9145843619098 35.036748851652575, 136.91445912106937 35.036710860258985, 136.91433663313526 35.03666475906502, 136.91421742261954 35.03661074548306, 136.91410199999999 35.036549050807565, 136.91399085953395 35.0364799392246, 136.91388447714198 35.03640370668058, 136.9137833083698 35.03632067961495, 136.9136877864376 35.03623121356237, 136.91359832038503 35.0361356916302, 136.91351529331942 35.03603452285802, 136.91343906077537 35.035928140466034, 136.91336994919243 35.035816999999994, 136.91330825451692 35.035701577380436, 136.9132780346864 35.03563745751558, 136.91302703468642 35.03507945751558, 136.91301634705135 35.03505527166097, 136.91272034705136 35.034373271660975, 136.91270768540647 35.03434343903376, 136.91266868540646 35.03424943903376, 136.91266824093498 35.03424836686473, 136.91265589602014 35.03421785589343, 136.91262389602014 35.034136855893436, 136.9126113416447 35.03410424688276, 136.9125813416447 35.03402424688276, 136.912560139741 35.033964878930604, 136.9125444838736 35.03391676731838, 136.9125254838736 35.033855767318386, 136.9125031483474 35.03377863809021, 136.91250085092537 35.033769986598216, 136.91248585092538 35.03371298659821, 136.91247822528717 35.03368307302636, 136.91238422528716 35.03330207302636, 136.9123773660565 35.03327336180376, 136.90628836605651 35.006927361803754, 136.9062754294392 35.00686718064403, 136.90625411027727 35.006738052384435, 136.9062524442474 35.006725069475685, 136.90625144424737 35.00671706947569, 136.90624158583688 35.00661837250736, 136.9052925858369 34.99394737250736, 136.9052912821535 34.99392880625846, 136.90529029608965 34.993912775844194, 136.90517429608965 34.991894775844194, 136.9051730259735 34.99186999883031, 136.9051680259735 34.99175899883031, 136.90516599999998 34.991669, 136.90516747765074 34.99159213375545, 136.90517147765075 34.991488133755446, 136.9051731487157 34.99145281734365, 136.90520314871569 34.99091881734365, 136.9052042821535 34.99090019374154, 136.90520451499043 34.99089668850877, 136.90521151499044 34.99079268850877, 136.90521213116654 34.99078382759577, 136.90522713116653 34.99057482759577, 136.9052291702269 34.990548797471995, 136.9052381702269 34.99044279747199, 136.90523926685108 34.990430343556355, 136.9052672668511 34.990123343556355, 136.90527611027727 34.99004394761556, 136.9052873576604 34.98996940130414, 136.9053033576604 34.98987540130414, 136.9053134294392 34.98982081935597, 136.90532429192348 34.98976970871275, 136.90541229192348 34.989380708712744, 136.90541253695883 34.98937962693907, 136.90543453695884 34.98928262693907, 136.90543542887121 34.9892787126332, 136.9057014288712 34.9881167126332, 136.9057191483474 34.98804536190979, 136.90575363340884 34.987930544453135, 136.90575463340886 34.987927544453136, 136.905758139741 34.987917121069394, 136.90577934164426 34.98785775311846, 136.90578234164425 34.98784975311846, 136.905807240935 34.987786633135265, 136.90586125451694 34.98766742261956, 136.90592294919244 34.987552, 136.9059323032538 34.98753597051195, 136.9082083032538 34.98367697051195, 136.90826806077538 34.98358185953396, 136.90834429331943 34.98347547714198, 136.90842732038504 34.9833743083698, 136.90851678643762 34.98327878643763, 136.9086123083698 34.983189320385044, 136.908713477142 34.983106293319416, 136.90881985953396 34.9830300607754, 136.908931 34.98296094919243, 136.90904642261955 34.98289925451694, 136.90916563313527 34.98284524093498, 136.90928812106938 34.98279913974101, 136.9094133619098 34.98276114834742, 136.90954081935598 34.98273142943919, 136.90966994761555 34.98271011027725, 136.90980019374155 34.982697282153524, 136.909931 34.982693)), ((137.175221 35.074864999999996, 137.17535180625845 35.07486928215352, 137.17548205238444 35.07488211027725, 137.175611180644 35.07490342943919, 137.1757386380902 35.07493314834742, 137.1758638789306 35.07497113974101, 137.17598636686472 35.075017240934976, 137.17610557738044 35.075071254516935, 137.176221 35.07513294919243, 137.17633214046603 35.075202060775396, 137.176438522858 35.075278293319414, 137.17653969163018 35.07536132038504, 137.17663521356238 35.07545078643763, 137.17672467961495 35.075546308369795, 137.17680770668056 35.07564747714198, 137.1768839392246 35.07575385953396, 137.17695305080755 35.075865, 137.17701474548306 35.07598042261956, 137.177068759065 35.076099633135264, 137.177114860259 35.07622212106939, 137.17715285165258 35.07634736190979, 137.1771825705608 35.076474819355965, 137.17720388972273 35.07660394761556, 137.17721671784648 35.07673419374154, 137.177221 35.076865, 137.17721671784648 35.07699580625846, 137.17720388972273 35.077126052384436, 137.1771825705608 35.07725518064403, 137.17715285165258 35.07738263809021, 137.177114860259 35.077507878930604, 137.177068759065 35.07763036686473, 137.17701474548306 35.07774957738044, 137.17695305080755 35.077864999999996, 137.1768839392246 35.077976140466035, 137.17680770668056 35.07808252285802, 137.17672467961495 35.0781836916302, 137.17666634781673 35.078247378272636, 137.17245134781675 35.082654378272636, 137.1724202135624 35.08268621356237, 137.17236136203175 35.08274271199181, 137.17225936203175 35.08283671199182, 137.1722226916302 35.08286967961496, 137.17220676132402 35.08288350220187, 137.172100761324 35.082974502201864, 137.172015522858 35.083043706680584, 137.17198303507504 35.083068115101696, 137.17186203507507 35.0831571151017, 137.1717895680895 35.0832079844302, 137.1716685680895 35.0832889844302, 137.17166714046604 35.0832899392246, 137.17158915105458 35.08333948325493, 137.17146815105457 35.08341248325493, 137.171435 35.083432050807566, 137.17138573725816 35.083459573432954, 137.17126173725816 35.083526573432955, 137.17119557738044 35.08356074548306, 137.17117141464135 35.08357246023079, 137.17104341464136 35.08363346023079, 137.17095118169416 35.08367459061103, 137.17082618169417 35.08372659061103, 137.17082336686474 35.08372775906502, 137.1708007813526 35.08373695338181, 137.17067578135257 35.08378695338181, 137.17060728442883 35.08381290746162, 137.16986728442885 35.08407790746162, 137.16985864023556 35.08408098066713, 137.16979064023556 35.084104980667135, 137.16976787893063 35.08411286025899, 137.1697260120064 35.084126559846545, 137.1695800120064 35.08417255984654, 137.1695164195471 35.08419144237661, 137.1692834195471 35.084256442376606, 137.1692636380902 35.08426185165258, 137.16924879672874 35.08426576740585, 137.16917179672873 35.08428576740585, 137.16914473745877 35.08429259462326, 137.16894873745878 35.08434059462326, 137.16890686091563 35.08435037412037, 137.16881686091563 35.08437037412037, 137.16877318064402 35.084379570560806, 137.16875391078813 35.08438330536743, 137.0580239107881 35.105281305367434, 137.05801912062734 35.10528220336848, 137.05787412062736 35.105309203368485, 137.0578682089391 35.10531029497539, 137.0577262089391 35.10533629497539, 137.05770263837076 35.10534046509159, 137.04844963837076 35.106920465091584, 137.04837405238445 35.106931889722745, 137.04830134838238 35.10694011147022, 137.04822734838237 35.10694711147023, 137.04816980625844 35.10695171784648, 137.048039 35.106956000000004, 137.04790819374153 35.10695171784648, 137.04777794761554 35.10693888972275, 137.04765248704373 35.10691829654605, 137.04758648704376 35.106905296546046, 137.047582819356 35.10690457056081, 137.0475463148416 35.10689695490623, 137.0375953148416 35.104723954906234, 137.0375043619098 35.10470185165258, 137.0374901420039 35.10469798523645, 137.03746114200388 35.10468998523645, 137.03738011374244 35.1046657779375, 137.03688311374245 35.1045057779375, 137.03687076330928 35.10450175763732, 137.03671276330928 35.104449757637326, 137.03669512106939 35.10444386025899, 137.03657263313528 35.10439775906502, 137.03645342261956 35.104343745483064, 137.036338 35.10428205080757, 137.03622685953397 35.1042129392246, 137.036120477142 35.104136706680585, 137.03601930836982 35.10405367961496, 137.03592378643762 35.10396421356237, 137.03583432038505 35.103868691630204, 137.03575129331944 35.10376752285802, 137.0356750607754 35.10366114046604, 137.03560594919244 35.10355, 137.03554425451694 35.10343457738044, 137.035490240935 35.103315366864734, 137.035444139741 35.10319287893061, 137.03540614834742 35.10306763809021, 137.0353764294392 35.10294018064403, 137.03535511027727 35.10281105238444, 137.03534228215352 35.10268080625846, 137.035338 35.10255, 137.03534228215352 35.10241919374154, 137.03535511027727 35.10228894761556, 137.0353764294392 35.10215981935597, 137.03540614834742 35.10203236190979, 137.035444139741 35.101907121069395, 137.035490240935 35.10178463313527, 137.03554425451694 35.10166542261956, 137.03560594919244 35.10155, 137.0356750607754 35.101438859533964, 137.03575129331944 35.10133247714198, 137.03583432038505 35.1012313083698, 137.03592378643762 35.10113578643763, 137.0359284808838 35.101131107523095, 137.03713948088378 35.09992810752309, 137.0372303083698 35.09984332038504, 137.03733147714198 35.09976029331941, 137.03743785953395 35.099684060775395, 137.03746356922858 35.099667166662876, 137.03752856922858 35.09962516666288, 137.037614 35.099572949192435, 137.03772942261955 35.09951125451694, 137.03784863313527 35.09945724093498, 137.03797112106938 35.099411139741015, 137.03801173726413 35.09939783466973, 137.03804973726415 35.099385834669725, 137.03811318912463 35.099366946303824, 137.1116291891246 35.07880094630383, 137.1116503619098 35.078795148347425, 137.11166244658267 35.07879195071323, 137.11177344658267 35.07876295071323, 137.11178598090274 35.078759719274785, 137.11276098090275 35.078511719274786, 137.11278998769558 35.07850457136308, 137.11381298769555 35.078260571363074, 137.1138221929342 35.078258398774665, 137.11435319293423 35.078134398774665, 137.1143610951723 35.078132570320584, 137.11486709517231 35.078016570320585, 137.1148768334045 35.07801436341298, 137.1150018334045 35.07798636341298, 137.11501673823074 35.077983084401254, 137.11514173823073 35.07795608440126, 137.11515514960794 35.077953235622736, 137.11540414960794 35.07790123562273, 137.1154062946167 35.07790078889514, 137.11553629461667 35.07787378889515, 137.11554757764344 35.077871479365086, 137.11625657764344 35.077728479365085, 137.11626181935597 35.07772742943919, 137.1162765366758 35.07772455929278, 137.11722353667582 35.07754355929278, 137.1172459813818 35.07753940205851, 137.1177199813818 35.077454402058514, 137.1177334899303 35.07745202741963, 137.11925448993028 35.07719002741963, 137.1193053862139 35.07718193403787, 137.11944938621392 35.07716093403787, 137.1194745807211 35.07715742332217, 137.11961758072107 35.07713842332217, 137.11961994761555 35.077138110277254, 137.119625956515 35.077137328449375, 137.119765956515 35.07711932844938, 137.11981520169778 35.077113616412355, 137.11996020169778 35.07709861641235, 137.12001366603005 35.077093809848186, 137.12015766603002 35.077082809848186, 137.12017919374154 35.07708128215352, 137.12021486970121 35.07707926372455, 137.1203618697012 35.07707226372455, 137.120376537841 35.07707161919521, 137.175140537841 35.074866619195205, 137.175221 35.074864999999996)), ((136.944568 35.473105, 136.94469880625846 35.47310928215352, 136.9447340909597 35.47311190848351, 136.9448060909597 35.47311790848351, 136.94490105238444 35.47312811027725, 136.94499873429697 35.47314343559084, 136.96494673429697 35.47678043559085, 136.964978180644 35.476786429439194, 136.9650984318813 35.47681423184054, 136.9695764318813 35.47799623184054, 136.9695836380902 35.477998148347424, 136.96967643736397 35.478025435423866, 136.96975443736397 35.47805043542386, 136.96978687893062 35.47806113974101, 136.9699079779538 35.4781066662406, 136.9699829779538 35.4781376662406, 136.96998436686474 35.478138240934975, 136.97001861133717 35.478152800144684, 136.97163261133716 35.47885680014469, 136.97171757738045 35.47889625451694, 136.971833 35.478957949192434, 136.97185712908447 35.47897210605149, 136.97190912908448 35.47900310605149, 136.97199614046605 35.4790580607754, 136.97210252285802 35.47913429331942, 136.9722036916302 35.47921732038505, 136.9722992135624 35.47930678643763, 136.97238867961497 35.4794023083698, 136.97247170668058 35.47950347714198, 136.97254793922463 35.479609859533966, 136.9726034214202 35.47969775622522, 136.97742542142018 35.48779575622522, 136.97743905080756 35.487819, 136.97750074548307 35.48793442261956, 136.97755475906501 35.488053633135266, 136.977600860259 35.488176121069394, 136.97763498523625 35.4882871420032, 136.97764298523626 35.4883161420032, 136.9776468516526 35.48833036190979, 136.97767657056082 35.488457819355965, 136.97769788972275 35.48858694761556, 136.9777107178465 35.488717193741536, 136.97771500000002 35.488848, 136.9777107178465 35.48897880625846, 136.97770951867352 35.48899597047352, 136.9776615186735 35.48964297047352, 136.97764988972273 35.489756052384436, 136.9776285705608 35.48988518064403, 136.97759885165257 35.49001263809021, 136.977560860259 35.490137878930604, 136.977514759065 35.49026036686473, 136.9774829187691 35.49033311635467, 136.97747091876911 35.490359116354675, 136.97744874548306 35.49040557738044, 136.97738705080755 35.490521, 136.9773179392246 35.49063214046604, 136.97724170668056 35.490738522858024, 136.97715867961494 35.49083969163021, 136.97706921356237 35.49093521356237, 136.97704421356238 35.49096021356237, 136.97694869163018 35.49104967961495, 136.976847522858 35.49113270668058, 136.97674114046603 35.4912089392246, 136.97663 35.491278050807566, 136.97651457738044 35.49133974548306, 136.97647222261304 35.491360017935435, 136.97641622261304 35.49138601793544, 136.97633936686472 35.491419759065025, 136.97621687893061 35.49146586025899, 136.9760916380902 35.49150385165258, 136.975964180644 35.49153357056081, 136.97592253450688 35.491541396785195, 136.97091053450688 35.49242839678519, 136.97082305238445 35.49244188972275, 136.97069280625846 35.49245471784648, 136.970562 35.492459000000004, 136.97052867129534 35.492458722280084, 136.96986867129533 35.49244772228008, 136.96977119374154 35.49244371784648, 136.96964094761555 35.49243088972275, 136.96953527834071 35.49241409135714, 136.92353027834073 35.48383309135714, 136.923506819356 35.48382857056081, 136.9233793619098 35.48379885165258, 136.9232541210694 35.48376086025899, 136.92313163313528 35.48371475906502, 136.92309152277204 35.483697630065095, 136.92306652277202 35.483686630065094, 136.92298742261954 35.48364974548306, 136.92287199999998 35.48358805080757, 136.92276085953395 35.4835189392246, 136.92265447714198 35.483442706680584, 136.9225533083698 35.483359679614956, 136.9224577864376 35.48327021356237, 136.92236832038503 35.483174691630204, 136.92231977199947 35.483117185249824, 136.92230677199947 35.48310118524982, 136.92227229331942 35.48305752285802, 136.92219606077538 35.482951140466035, 136.92212694919243 35.482839999999996, 136.92206525451692 35.48272457738044, 136.92201124093498 35.48260536686473, 136.921965139741 35.482482878930604, 136.92195183466927 35.48244226273444, 136.9219458346693 35.482423262734436, 136.92192672567268 35.48235902157566, 136.92165272567266 35.481378021575665, 136.9216471483474 35.48135763809021, 136.92161742943918 35.48123018064403, 136.92159611027725 35.48110105238444, 136.9215832821535 35.48097080625846, 136.92157899999998 35.48084, 136.9215832821535 35.48070919374154, 136.92159611027725 35.48057894761556, 136.92161742943918 35.48044981935597, 136.9216471483474 35.48032236190979, 136.921685139741 35.480197121069395, 136.92173124093497 35.48007463313527, 136.92175236751774 35.48002549783622, 136.92246536751776 35.478426497836224, 136.92247226548136 35.47841120105952, 136.92258626548136 35.47816120105952, 136.9226070514927 35.478117052479824, 136.92419905149268 35.47484005247983, 136.92420425451692 35.474829422619564, 136.92426594919243 35.474714000000006, 136.92433506077538 35.47460285953397, 136.92441129331942 35.47449647714198, 136.92449432038504 35.4743953083698, 136.9245837864379 35.47429978643736, 136.9246217864379 35.47426178643736, 136.92471730836982 35.474172320385044, 136.924818477142 35.474089293319416, 136.92492485953397 35.4740130607754, 136.925036 35.47394394919243, 136.92515142261956 35.47388225451694, 136.92527063313528 35.47382824093498, 136.9253931210694 35.47378213974101, 136.9255183619098 35.47374414834742, 136.925645819356 35.47371442943919, 136.9257260644622 35.473700160947246, 136.92577706446218 35.473692160947245, 136.92582594761555 35.47368511027725, 136.92595619374154 35.47367228215352, 136.92602610081283 35.473668927392765, 136.94450710081284 35.473105927392766, 136.944568 35.473105)), ((139.408228 35.685503999999995, 139.40835880625846 35.68550828215352, 139.40836849711533 35.68550894096313, 139.40843949711532 35.68551394096313, 139.40856005238444 35.68552611027725, 139.40868918064402 35.68554742943919, 139.40881280231278 35.68557612463325, 139.40889180231278 35.685597124633254, 139.4088956380902 35.685598148347424, 139.40902087893062 35.685636139741014, 139.40914336686473 35.68568224093498, 139.40926257738045 35.68573625451694, 139.409378 35.685797949192434, 139.40945175098426 35.68584267702447, 139.40950675098426 35.685877677024465, 139.40954414046604 35.6859020607754, 139.40965052285802 35.685978293319415, 139.4097516916302 35.68606132038504, 139.4098472135624 35.68615078643763, 139.4098985869835 35.68620409780152, 139.4099375869835 35.68624609780152, 139.40997567961494 35.6862883083698, 139.41005870668056 35.68638947714198, 139.4101349392246 35.68649585953396, 139.41020405080755 35.686607, 139.41023957583243 35.68667122455869, 139.41025757583245 35.686705224558686, 139.41028374548307 35.68675642261956, 139.4102885604622 35.68676625417186, 139.41399656046218 35.69439025417186, 139.4139983185024 35.6943938781429, 139.4140133185024 35.6944248781429, 139.41403574119948 35.69447282655548, 139.41404974119948 35.69450382655548, 139.41407475906502 35.694561633135265, 139.41407635619709 35.6945655003898, 139.41409035619708 35.6945995003898, 139.41410500934322 35.694636107478026, 139.4141190093432 35.69467210747803, 139.4141373893412 35.69472127049188, 139.4141513893412 35.694760270491884, 139.41416169971222 35.69478971229365, 139.41417569971222 35.694830712293644, 139.414176860259 35.69483412106939, 139.41418474286309 35.694857827905416, 139.41419874286308 35.69490082790542, 139.41422868567443 35.69500174286775, 139.41423968567443 35.69504274286775, 139.41423985165258 35.69504336190979, 139.4142695705608 35.695170819355965, 139.41429088972274 35.69529994761556, 139.41430371784648 35.69543019374154, 139.4143071841729 35.69550388045235, 139.4143081841729 35.695538880452354, 139.414309 35.695596, 139.41430471784648 35.69572680625846, 139.41429188972273 35.69585705238444, 139.4142705705608 35.695986180644034, 139.41424555464772 35.69609575603686, 139.41423755464774 35.69612675603686, 139.4142328516526 35.69614463809021, 139.41419486025902 35.69626987893061, 139.41414875906503 35.696392366864735, 139.41409474548308 35.69651157738044, 139.41406194219923 35.69657519964725, 139.4140479421992 35.69660119964725, 139.41401905080755 35.696653, 139.4139499392246 35.69676414046604, 139.41387370668056 35.69687052285802, 139.41379067961495 35.6969716916302, 139.413701213563 35.697067213561745, 139.413685213563 35.69708321356175, 139.4135896916302 35.69717267961496, 139.413541450722 35.6972136536709, 139.375387450722 35.728594653670896, 139.37533452285803 35.72863670668058, 139.37527947638702 35.72867746694272, 139.375251476387 35.72869746694272, 139.37520014046603 35.7287329392246, 139.375089 35.728802050807566, 139.37497357738044 35.72886374548306, 139.37485436686472 35.72891775906502, 139.37475781969025 35.728954855491, 139.37472681969024 35.728965855491, 139.3747008789306 35.72897486025899, 139.3745756380902 35.72901285165258, 139.374448180644 35.72904257056081, 139.3743621143689 35.72905774339524, 139.3743491143689 35.72905974339524, 139.37430605238444 35.72906588972275, 139.37417580625845 35.72907871784648, 139.37404571556345 35.72908299987199, 139.36845571556347 35.72908499987199, 139.368455 35.729085000000005, 139.36832419374156 35.72908071784648, 139.36819394761557 35.72906788972275, 139.368064819356 35.72904657056081, 139.3679373619098 35.72901685165258, 139.3678121210694 35.72897886025899, 139.36768963313529 35.728932759065025, 139.36757042261956 35.728878745483065, 139.367455 35.72881705080757, 139.36734385953397 35.728747939224604, 139.367237477142 35.728671706680586, 139.36713630836982 35.72858867961496, 139.36704078643763 35.72849921356237, 139.36695132038506 35.728403691630206, 139.36686829331944 35.72830252285802, 139.3667920607754 35.72819614046604, 139.36672294919245 35.728085, 139.36666125451694 35.72796957738044, 139.366607240935 35.727850366864736, 139.366561139741 35.72772787893061, 139.36652314834743 35.72760263809021, 139.3664934294392 35.727475180644035, 139.36647211027727 35.72734605238444, 139.36645928215353 35.727215806258464, 139.366455 35.727085, 139.366457654057 35.726981999107366, 139.36737965405698 35.709102999107365, 139.3673812821535 35.70907519374154, 139.36739411027725 35.708944947615564, 139.36741542943918 35.70881581935597, 139.3674451483474 35.70868836190979, 139.36748313974098 35.708563121069396, 139.36752924093497 35.70844063313527, 139.36758325451692 35.70832142261956, 139.36764494919242 35.708206000000004, 139.3676916074809 35.70812922144493, 139.36771460748093 35.708093221444926, 139.3677370607754 35.70805885953396, 139.36781329331944 35.70795247714198, 139.36789632038506 35.7078513083698, 139.36798578643763 35.70775578643763, 139.36808130836982 35.707666320385044, 139.368182477142 35.707583293319416, 139.368261580042 35.70752561561695, 139.368300580042 35.70749861561695, 139.36832785953396 35.707480060775396, 139.3684046708731 35.70743122803585, 139.38202167087312 35.699203228035856, 139.38202495875325 35.69920124565721, 139.40242795875324 35.686926245657205, 139.402459 35.68690794919243, 139.40257442261955 35.68684625451694, 139.40269363313527 35.68679224093498, 139.40281612106938 35.68674613974101, 139.4029413619098 35.68670814834742, 139.4029554375041 35.68670443165641, 139.4032014375041 35.68664043165641, 139.40322046028024 35.68663558219448, 139.40493846028025 35.68620658219448, 139.4049707405856 35.68619880559952, 139.4057547405856 35.686016805599515, 139.40575933381945 35.686015745016476, 139.40770133381946 35.68556974501648, 139.407758819356 35.68555742943919, 139.40777591876588 35.68555410550086, 139.40785491876588 35.68553910550086, 139.40796694761556 35.68552111027725, 139.40809719374155 35.68550828215352, 139.408228 35.685503999999995)), ((138.96538 36.340858, 138.96551080625846 36.34086228215352, 138.96564105238446 36.34087511027725, 138.96577018064403 36.34089642943919, 138.9658976380902 36.34092614834742, 138.96602287893063 36.34096413974101, 138.96614536686474 36.34101024093498, 138.96626457738046 36.34106425451694, 138.96638000000002 36.34112594919243, 138.96649114046605 36.3411950607754, 138.96659752285802 36.341271293319416, 138.9666986916302 36.341354320385044, 138.9667942135624 36.34144378643763, 138.9668331907914 36.34148386881127, 138.97267319079137 36.34765986881127, 138.97272367961494 36.3477153083698, 138.97280670668056 36.34781647714198, 138.9728829392246 36.347922859533966, 138.97295205080755 36.348034000000006, 138.9730088543817 36.348139572808435, 138.9730178543817 36.34815757280843, 138.97302274548306 36.34816742261956, 138.973076759065 36.34828663313527, 138.973122860259 36.348409121069395, 138.97316085165258 36.34853436190979, 138.9731905705608 36.34866181935597, 138.97321188972273 36.34879094761556, 138.97322471784648 36.34892119374154, 138.973229 36.349052, 138.97322471784648 36.34918280625846, 138.97321188972273 36.34931305238444, 138.9731905705608 36.34944218064403, 138.97316085165258 36.34956963809021, 138.97313616533071 36.34965426273444, 138.97313016533073 36.34967326273444, 138.973116860259 36.34971387893061, 138.97307075906502 36.349836366864736, 138.97301674548308 36.34995557738044, 138.97299850906228 36.34999163433014, 138.97298450906226 36.350018634330134, 138.97294105080755 36.350097999999996, 138.9728719392246 36.350209140466035, 138.97279570668056 36.35031552285802, 138.97271267961494 36.3504166916302, 138.9726745869835 36.350458902198476, 138.9726485869835 36.350486902198476, 138.9726432415096 36.35049263628433, 138.9725702415096 36.35057063628433, 138.97256925285404 36.35057169189075, 138.97233025285402 36.35082669189075, 138.9723225736427 36.35083483936554, 138.97221357364273 36.35094983936553, 138.97220038278022 36.35096362404183, 138.97214338278022 36.35102262404183, 138.97213450100537 36.35103175904845, 138.97195250100535 36.35121775904845, 138.97193721356246 36.35123321356228, 138.97188021356246 36.35129021356229, 138.97184927887926 36.3513204859093, 138.97149527887927 36.351659485909295, 138.97146695150946 36.35168609021037, 138.97131495150944 36.35182609021037, 138.971292031539 36.351846875322906, 138.97126403153902 36.35187187532291, 138.9712506916302 36.35188367961496, 138.97118750490225 36.35193682607907, 138.97115650490224 36.35196182607907, 138.971118522858 36.351991706680586, 138.97101214046603 36.352067939224604, 138.970901 36.35213705080757, 138.970834517239 36.35217376950575, 138.97079851723902 36.35219276950574, 138.97074957738045 36.35221774548306, 138.97063036686473 36.35227175906502, 138.97050787893062 36.352317860258985, 138.9703826380902 36.352355851652575, 138.97037786939825 36.35235712311567, 138.97032886939826 36.35237012311567, 138.97020618064403 36.35239857056081, 138.97011622409153 36.352414337981955, 138.96973422409152 36.35247233798196, 138.969695216164 36.35247786815388, 138.969528216164 36.352499868153885, 138.96952805238445 36.35249988972275, 138.96939780625846 36.35251271784648, 138.969267 36.352517000000006, 138.96913619374155 36.35251271784648, 138.9690305742204 36.35250297654839, 138.9689885742204 36.352497976548385, 138.96896394761555 36.35249488972275, 138.96883481935598 36.35247357056081, 138.9687073619098 36.35244385165258, 138.96858212106937 36.35240586025899, 138.96845963313527 36.352359759065024, 138.9684412940999 36.35235205572258, 138.9573662940999 36.34763505572258, 138.95726542261954 36.347588745483066, 138.95714999999998 36.34752705080757, 138.95703885953395 36.347457939224604, 138.95693247714198 36.347381706680586, 138.9568313083698 36.34729867961496, 138.9567357864376 36.34720921356237, 138.95664632038503 36.347113691630206, 138.95656329331942 36.34701252285802, 138.95648706077537 36.34690614046604, 138.95641794919243 36.346795, 138.95635625451692 36.34667957738044, 138.95630224093497 36.346560366864736, 138.956256139741 36.34643787893061, 138.9562181483474 36.34631263809021, 138.95618842943918 36.346185180644035, 138.95616711027725 36.34605605238444, 138.9561542821535 36.345925806258464, 138.95614999999998 36.345795, 138.9561542821535 36.34566419374154, 138.95616711027725 36.345533947615564, 138.95618842943918 36.34540481935597, 138.9562181483474 36.345277361909794, 138.956256139741 36.3451521210694, 138.95630224093497 36.34502963313527, 138.95635625451692 36.34491042261956, 138.95641794919243 36.344795000000005, 138.95648706077537 36.344683859533966, 138.95656329331942 36.34457747714198, 138.95664632038503 36.3444763083698, 138.9567357864376 36.34438078643763, 138.9568313083698 36.34429132038505, 138.95693247714198 36.34420829331942, 138.95703885953395 36.3441320607754, 138.95714999999998 36.344062949192434, 138.95726542261954 36.34400125451694, 138.95738431639296 36.34394737216575, 138.95749531639296 36.343901372165746, 138.95749563313527 36.343901240934976, 138.95750243616524 36.34389843767773, 138.95772443616525 36.34380743767773, 138.95773068555062 36.34380488830092, 138.96462768555062 36.34100488830092, 138.9647371210694 36.34096413974101, 138.9648623619098 36.34092614834742, 138.964989819356 36.34089642943919, 138.96511894761557 36.34087511027725, 138.96524919374156 36.34086228215352, 138.96538 36.340858)), ((140.540745 36.400119, 140.54087580625844 36.40012328215352, 140.54100605238443 36.40013611027725, 140.541135180644 36.40015742943919, 140.5412626380902 36.40018714834742, 140.5413878789306 36.40022513974101, 140.5415103668647 36.40027124093498, 140.54162957738043 36.400325254516936, 140.541745 36.40038694919243, 140.54185614046602 36.4004560607754, 140.541962522858 36.400532293319415, 140.54206369163018 36.40061532038504, 140.54215921356237 36.40070478643763, 140.54224867961494 36.400800308369796, 140.54233170668056 36.40090147714198, 140.5424079392246 36.40100785953396, 140.54247705080755 36.401119, 140.54253874548306 36.40123442261956, 140.542592759065 36.401353633135265, 140.542638860259 36.40147612106939, 140.54267685165257 36.40160136190979, 140.5427065705608 36.40172881935597, 140.54272788972273 36.40185794761556, 140.54274071784647 36.40198819374154, 140.542745 36.402119, 140.542745 36.40212, 140.54274071784647 36.40225080625846, 140.54272788972273 36.402381052384435, 140.5427065705608 36.40251018064403, 140.54267685165257 36.402637638090205, 140.5426424590671 36.40275217805136, 140.53580745906712 36.42326717805136, 140.535803860259 36.423277878930605, 140.535757759065 36.42340036686473, 140.53570374548306 36.42351957738044, 140.53564205080755 36.423635, 140.5355729392246 36.42374614046604, 140.53549670668056 36.42385252285802, 140.53541367961495 36.4239536916302, 140.53532421356238 36.42404921356237, 140.53526921356237 36.42410421356237, 140.53517369163018 36.42419367961496, 140.535072522858 36.42427670668059, 140.53496614046603 36.424352939224605, 140.53487175945276 36.424412266011736, 140.53478875945277 36.42446126601173, 140.53477955779212 36.424466665272995, 140.53419655779211 36.424806665272996, 140.534189 36.42481105080757, 140.53418355587377 36.424814182588065, 140.53410155587378 36.42486118258807, 140.5340496248585 36.42488993264501, 140.5260236248585 36.42917893264501, 140.52601044009796 36.42918591532952, 140.52494344009796 36.42974591532952, 140.52492329421256 36.42975634332318, 140.52353629421256 36.43046434332317, 140.52351942118804 36.43047285597832, 140.52316242118803 36.43065085597832, 140.52315457738044 36.43065474548306, 140.52310151952062 36.43067994895112, 140.52292651952064 36.43075994895113, 140.52286036686473 36.430788759065024, 140.52285909553828 36.43078928515344, 140.52268009553828 36.430863285153436, 140.52264581026006 36.43087708941361, 140.52229881026005 36.43101308941361, 140.52222924130785 36.431038877489506, 140.52204624130786 36.43110287748951, 140.52202887893063 36.43110886025899, 140.52202315390707 36.43111079400218, 140.52166015390708 36.43123279400218, 140.52165868692066 36.43123328640741, 140.52148268692065 36.43129228640741, 140.5213646380902 36.431327851652576, 140.52133946393005 36.431334421852334, 140.52115446393003 36.431381421852336, 140.52111548174906 36.43139091024004, 140.5209264817491 36.43143491024004, 140.5209031671307 36.43144019129623, 140.5207351671307 36.43147719129623, 140.52072032535085 36.43148040099493, 140.52054132535085 36.431518400994925, 140.52051618064402 36.431523570560806, 140.52047721291626 36.431530920894154, 140.52029221291625 36.431563920894156, 140.52029151080734 36.431564046006045, 140.52010051080734 36.431598046006044, 140.52001502180426 36.43161136309571, 140.51982802180427 36.43163636309571, 140.51982405238445 36.431636889722746, 140.51972536300252 36.43164739866946, 140.51782236300252 36.43180239866946, 140.51779080625846 36.431804717846475, 140.51772141303292 36.43180805688748, 140.5161264130329 36.43185705688749, 140.516065 36.431858000000005, 140.51593419374154 36.43185371784648, 140.51580394761555 36.43184088972275, 140.51567481935598 36.43181957056081, 140.5155473619098 36.43178985165258, 140.51542212106938 36.43175186025899, 140.51529963313527 36.431705759065025, 140.51518042261955 36.431651745483066, 140.515065 36.43159005080757, 140.51495385953396 36.431520939224605, 140.51484747714198 36.43144470668059, 140.5147463083698 36.43136167961496, 140.5146507864376 36.43127221356237, 140.51456132038504 36.431176691630206, 140.51447829331943 36.43107552285802, 140.51440206077538 36.43096914046604, 140.51433294919244 36.430858, 140.51427125451693 36.43074257738044, 140.51421724093498 36.43062336686474, 140.514171139741 36.43050087893061, 140.5141331483474 36.43037563809021, 140.5141034294392 36.430248180644035, 140.51408211027726 36.43011905238444, 140.5140692821535 36.429988806258464, 140.514065 36.429858, 140.5140692821535 36.42972719374154, 140.51408211027726 36.429596947615565, 140.5141034294392 36.42946781935597, 140.5141331483474 36.429340361909794, 140.514171139741 36.4292151210694, 140.51421724093498 36.42909263313527, 140.51427125451693 36.42897342261956, 140.51433294919244 36.428858000000005, 140.51440206077538 36.428746859533966, 140.51447829331943 36.42864047714198, 140.5145421217461 36.42856152716041, 140.52839412174612 36.41229052716041, 140.52841332038506 36.412268308369796, 140.52846266020447 36.412214084941034, 140.53927066020447 36.400765084941035, 140.53931078643762 36.40072378643763, 140.53934750107533 36.40068800113364, 140.5393675010753 36.400669001133636, 140.5394263083698 36.40061532038504, 140.53952747714197 36.400532293319415, 140.53963385953395 36.4004560607754, 140.53974499999998 36.40038694919243, 140.53986042261954 36.400325254516936, 140.53997963313526 36.40027124093498, 140.54010212106937 36.40022513974101, 140.54022736190979 36.40018714834742, 140.54035481935597 36.40015742943919, 140.54048394761554 36.40013611027725, 140.54061419374153 36.40012328215352, 140.540745 36.400119)), ((140.589673 36.405170999999996, 140.58980380625846 36.40517528215352, 140.58993405238445 36.40518811027725, 140.59006318064402 36.40520942943919, 140.5901906380902 36.40523914834742, 140.59031587893062 36.40527713974101, 140.59043836686473 36.405323240934976, 140.59055757738045 36.405377254516935, 140.590673 36.40543894919243, 140.59078414046604 36.4055080607754, 140.59089052285802 36.405584293319414, 140.5909916916302 36.40566732038504, 140.5910872135624 36.40575678643763, 140.59117667961496 36.405852308369795, 140.59125970668057 36.40595347714198, 140.59133593922462 36.40605985953396, 140.59140505080757 36.406171, 140.59146674548307 36.40628642261956, 140.59151222781225 36.40638535309798, 140.67360322781224 36.59856335309798, 140.67360361824385 36.59856426774192, 140.67366461824386 36.59870726774192, 140.67367275906503 36.598726633135264, 140.67369169121247 36.59877404184153, 140.67371669121246 36.59883904184153, 140.67373671746807 36.59889345106004, 140.67381971746806 36.599129451060044, 140.67382478204718 36.59914403105932, 140.67408378204718 36.59989903105932, 140.674085860259 36.5999051210694, 140.67408936659564 36.59991554446662, 140.67409536659565 36.599933544466616, 140.67411365257084 36.59999130423018, 140.67411965257082 36.60001130423018, 140.67412203541616 36.60001930771817, 140.67413503541616 36.60006330771817, 140.67414155050017 36.60008584434924, 140.67427755050016 36.60056684434924, 140.67428485165257 36.600593361909795, 140.67428597025372 36.60059755477589, 140.67430297025373 36.60066155477588, 140.6743315705608 36.600784819355965, 140.67435288972274 36.60091394761556, 140.67436571784648 36.60104419374154, 140.67437 36.601175, 140.67436571784648 36.60130580625846, 140.67435288972274 36.601436052384436, 140.6743315705608 36.60156518064403, 140.6743018516526 36.601692638090206, 140.674263860259 36.6018178789306, 140.67421775906502 36.60194036686473, 140.67416374548307 36.60205957738044, 140.67410205080756 36.602174999999995, 140.67403293922462 36.602286140466035, 140.67395670668057 36.60239252285802, 140.67387367961496 36.6024936916302, 140.67378421356239 36.60258921356237, 140.6736886916302 36.602678679614954, 140.673587522858 36.60276170668058, 140.67348114046604 36.6028379392246, 140.67337 36.602907050807566, 140.67325457738045 36.60296874548306, 140.67325010180767 36.60297077333871, 140.67334212106937 36.60293613974101, 140.6734673619098 36.60289814834742, 140.67359481935597 36.60286842943919, 140.67372394761554 36.60284711027725, 140.67385419374153 36.60283428215352, 140.673985 36.60283, 140.67411580625844 36.60283428215352, 140.67424605238443 36.60284711027725, 140.674375180644 36.60286842943919, 140.6745026380902 36.60289814834742, 140.6746278789306 36.60293613974101, 140.6747503668647 36.60298224093498, 140.67486957738043 36.60303625451694, 140.674985 36.60309794919243, 140.67509614046602 36.6031670607754, 140.675202522858 36.603243293319416, 140.67530369163018 36.603326320385044, 140.67539921356237 36.60341578643763, 140.67548867961494 36.6035113083698, 140.67557170668056 36.60361247714198, 140.67557537905967 36.603617278083576, 140.67793237905968 36.60670827808357, 140.67793286344062 36.60670891357019, 140.6779488634406 36.60672991357019, 140.67795799999925 36.606741999999, 140.6779729999998 36.60676199999973, 140.67798800000034 36.60678200000046, 140.67800047704654 36.60679881879055, 140.67811347704654 36.60695281879055, 140.67812503074268 36.60696872790368, 140.67817103074267 36.60703272790367, 140.67820534099528 36.60708200843321, 140.69094634099528 36.625981008433214, 140.69095093922462 36.625987859533964, 140.69102005080757 36.626099, 140.69108174548307 36.62621442261956, 140.69113575906502 36.62633363313527, 140.691181860259 36.626456121069396, 140.69121765874775 36.62657324614384, 140.69214265874774 36.62996824614384, 140.69214485165259 36.62997636190979, 140.69216068241946 36.630039540768706, 140.69218168241946 36.630129540768706, 140.6921846778751 36.63014257522996, 140.6974656778751 36.65347957522996, 140.6974765705608 36.653530819355964, 140.69749788972274 36.65365994761556, 140.69751071784648 36.653790193741536, 140.697515 36.653921, 140.69751273627546 36.65401613029859, 140.69751073627546 36.65405813029859, 140.6975087178465 36.65409380625846, 140.6975054488884 36.65413663014471, 140.6974044488884 36.655295630144714, 140.69739488972274 36.65538305238444, 140.69739132119798 36.65540885814471, 140.69738132119798 36.655477858144714, 140.6973635705608 36.655581180644035, 140.6973338516526 36.65570863809021, 140.697295860259 36.65583387893061, 140.69726784626008 36.655911151188164, 140.69724584626007 36.65596815118816, 140.69722775906502 36.656013366864734, 140.69718389242166 36.65611169678191, 140.69648389242167 36.65757369678191, 140.69647374548308 36.657594577380436, 140.69641205080757 36.657709999999994, 140.69634293922462 36.657821140466034, 140.69626670668057 36.65792752285802, 140.69618367961496 36.6580286916302, 140.6960942135624 36.65812421356237, 140.6959986916302 36.65821367961495, 140.69589752285802 36.65829670668058, 140.69579114046604 36.6583729392246, 140.69568 36.658442050807565, 140.69556457738045 36.65850374548306, 140.69544536686473 36.65855775906502, 140.69532287893063 36.658603860258985, 140.6951976380902 36.658641851652575, 140.69507018064402 36.658671570560806, 140.69494105238445 36.658692889722744, 140.69481080625846 36.65870571784647, 140.69468 36.65871, 140.69454919374155 36.65870571784647, 140.69441894761556 36.658692889722744, 140.694289819356 36.658671570560806, 140.6941623619098 36.658641851652575, 140.69403712106939 36.658603860258985, 140.69391463313528 36.65855775906502, 140.69379542261956 36.65850374548306, 140.69368 36.658442050807565, 140.69356885953397 36.6583729392246, 140.693462477142 36.65829670668058, 140.69336130836982 36.65821367961495, 140.69326578643762 36.65812421356237, 140.69317632038505 36.6580286916302, 140.69309329331944 36.65792752285802, 140.6930170607754 36.657821140466034, 140.69294794919244 36.657709999999994, 140.69291304370648 36.65764694474583, 140.68577204370646 36.64417994474583, 140.6857714241672 36.64417877544065, 140.68570842416722 36.64405977544065, 140.68568225451693 36.64400857738044, 140.68567549488284 36.64399473608117, 140.68561649488285 36.64387273608117, 140.6856129925739 36.643865456545825, 140.6855569925739 36.64374845654582, 140.68551351577293 36.64365103004556, 140.6854625157729 36.64352803004556, 140.68546224093498 36.64352736686473, 140.6854530466182 36.64350478135263, 140.6854050466182 36.64338478135264, 140.68537495025393 36.643304603392544, 140.6720979502539 36.60549260339254, 140.67209113974098 36.605472878930605, 140.6720531483474 36.60534763809021, 140.67202342943918 36.60522018064403, 140.67200211027725 36.60509105238444, 140.6719892821535 36.60496080625846, 140.67198499999998 36.60483, 140.6719892821535 36.60469919374154, 140.67200211027725 36.60456894761556, 140.67202342943918 36.60443981935597, 140.6720531483474 36.60431236190979, 140.67209113974098 36.604187121069394, 140.67213724093497 36.604064633135266, 140.67219125451692 36.60394542261956, 140.67225294919243 36.60383, 140.67232206077537 36.60371885953396, 140.67239829331942 36.60361247714198, 140.67248132038503 36.6035113083698, 140.6725707864376 36.60341578643763, 140.6726663083698 36.603326320385044, 140.67276747714197 36.603243293319416, 140.67287385953395 36.6031670607754, 140.67298499999998 36.60309794919243, 140.67310042261954 36.60303625451694, 140.67310489819232 36.603034226661286, 140.67301287893062 36.603068860258986, 140.6728876380902 36.603106851652576, 140.67276018064402 36.60313657056081, 140.67263105238445 36.603157889722745, 140.67250080625845 36.603170717846474, 140.67237 36.603175, 140.67223919374155 36.603170717846474, 140.67210894761556 36.603157889722745, 140.67197981935598 36.60313657056081, 140.6718523619098 36.603106851652576, 140.67172712106938 36.603068860258986, 140.67160463313527 36.60302275906502, 140.67148542261955 36.60296874548306, 140.67137 36.602907050807566, 140.67125885953396 36.6028379392246, 140.671152477142 36.60276170668058, 140.6710513083698 36.602678679614954, 140.67095578643762 36.60258921356237, 140.67086632038504 36.6024936916302, 140.67081099432184 36.60242779738802, 140.66364299432183 36.59350779738802, 140.66363390835113 36.59349640588881, 140.66355790835112 36.59340040588881, 140.66353929331942 36.59337652285802, 140.6635348766316 36.5933707451987, 140.6633208766316 36.5930897451987, 140.663309978669 36.593075300152464, 140.663238978669 36.59298030015246, 140.66323299589197 36.592972253038084, 140.66316199589198 36.592876253038085, 140.66314236844053 36.592849245889035, 140.65503336844054 36.581493245889035, 140.65502694562133 36.58148419828631, 140.6453309456213 36.56774519828631, 140.64531056661735 36.56771576607103, 140.64523856661737 36.56760976607103, 140.6452300607754 36.567597140466034, 140.64522179198 36.567584664532, 140.64515079197997 36.567476664532, 140.64514766759984 36.56747189716784, 140.64509866759985 36.56739689716784, 140.64507700339072 36.56736299787797, 140.64507200339074 36.56735499787797, 140.64503594919245 36.567294999999994, 140.64499454682135 36.56721958846146, 140.60307754682134 36.48681858846147, 140.60305725451693 36.48677857738044, 140.60304899666036 36.48676163123728, 140.60299699666038 36.486653631237274, 140.602951240935 36.48655136686473, 140.60293150776556 36.48650187202364, 140.60288550776554 36.48638187202364, 140.60285913974099 36.48630887893061, 140.60284271300003 36.48625828673616, 140.59545171300005 36.462420286736155, 140.59544549875864 36.46239985924125, 140.59540849875864 36.46227585924125, 140.59539314834743 36.462221638090206, 140.59538959285425 36.462208181693555, 140.59535859285424 36.46208918169356, 140.59533742981614 36.46199952758122, 140.59531242981615 36.46188152758122, 140.5953074294392 36.46185718064403, 140.5952992431744 36.46181349393631, 140.59023224317437 36.43300849393631, 140.59021911027725 36.43292305238444, 140.59021208200997 36.43286256518401, 140.58779008200997 36.40883256518401, 140.5877890749686 36.40882230901029, 140.58777607496862 36.40868630901029, 140.58777287917437 36.408649238809666, 140.58769687917436 36.40766023880967, 140.5876952821535 36.407637806258464, 140.58769396858412 36.40761592898605, 140.58768496858414 36.407450928986044, 140.58768476434136 36.40744711766631, 140.58767576434136 36.40727611766631, 140.587673 36.407171, 140.58767728215352 36.40704019374154, 140.58769011027726 36.40690994761556, 140.5877114294392 36.406780819355966, 140.58774114834742 36.40665336190979, 140.587779139741 36.40652812106939, 140.587825240935 36.406405633135265, 140.58787925451693 36.40628642261956, 140.58794094919244 36.406171, 140.5880100607754 36.40605985953396, 140.58808629331944 36.40595347714198, 140.58816932038505 36.405852308369795, 140.58825878643762 36.40575678643763, 140.58835430836982 36.40566732038504, 140.588455477142 36.405584293319414, 140.58856185953397 36.4055080607754, 140.588673 36.40543894919243, 140.58878842261956 36.405377254516935, 140.58890763313528 36.405323240934976, 140.58903012106938 36.40527713974101, 140.5891553619098 36.40523914834742, 140.589282819356 36.40520942943919, 140.58941194761556 36.40518811027725, 140.58954219374155 36.40517528215352, 140.589673 36.405170999999996)), ((139.005709 37.598786999999994, 139.00583980625845 37.59879128215352, 139.00597005238444 37.59880411027725, 139.00606677087674 37.59881926017986, 139.00607777087674 37.59882126017986, 139.00611018064401 37.59882742943919, 139.0062376380902 37.59885714834742, 139.00636287893062 37.59889513974101, 139.00648536686472 37.59894124093498, 139.00660457738044 37.598995254516936, 139.00661695292678 37.59900141071632, 139.0077489529268 37.59956941071632, 139.007852 37.59962494919243, 139.00794805251513 37.59968407774117, 139.00797705251512 37.599703077741175, 139.00799214046603 37.5997130607754, 139.008098522858 37.59978929331942, 139.00819969163018 37.599872320385046, 139.00829521356238 37.59996178643763, 139.00838467961495 37.6000573083698, 139.00846770668056 37.60015847714198, 139.0085439392246 37.600264859533965, 139.00861305080755 37.600376000000004, 139.00867474548306 37.60049142261956, 139.008728759065 37.60061063313527, 139.008774860259 37.600733121069396, 139.00881285165258 37.60085836190979, 139.0088425705608 37.60098581935597, 139.00886388972273 37.601114947615564, 139.00887671784648 37.60124519374154, 139.008881 37.601376, 139.008881 37.601378, 139.00887671784648 37.60150880625846, 139.00886388972273 37.601639052384435, 139.0088425705608 37.60176818064403, 139.00881285165258 37.601895638090205, 139.008774860259 37.6020208789306, 139.00875979158087 37.60206366915901, 138.99577479158089 37.63764366915901, 138.99574375906502 37.63772336686473, 138.99568974548308 37.63784257738044, 138.99562805080757 37.637958, 138.99555893922462 37.63806914046604, 138.99548270668058 37.63817552285802, 138.99539967961496 37.6382766916302, 138.9953102135624 37.63837221356237, 138.9952146916302 37.638461679614956, 138.99511352285802 37.638544706680584, 138.99500714046604 37.6386209392246, 138.994896 37.63869005080757, 138.99478057738045 37.63875174548306, 138.99466136686473 37.63880575906502, 138.99453887893063 37.63885186025899, 138.9944136380902 37.63888985165258, 138.99428618064402 37.63891957056081, 138.99415705238445 37.63894088972275, 138.99402680625846 37.638953717846476, 138.993896 37.638958, 138.99376519374155 37.638953717846476, 138.99363494761556 37.63894088972275, 138.993505819356 37.63891957056081, 138.9933783619098 37.63888985165258, 138.9932531210694 37.63885186025899, 138.99313063313528 37.63880575906502, 138.99301142261956 37.63875174548306, 138.992896 37.63869005080757, 138.99278485953397 37.6386209392246, 138.992678477142 37.638544706680584, 138.99257730836982 37.638461679614956, 138.99248178643762 37.63837221356237, 138.99239232038505 37.6382766916302, 138.99230929331944 37.63817552285802, 138.9922330607754 37.63806914046604, 138.99216394919245 37.637958, 138.99210225451694 37.63784257738044, 138.992048240935 37.63772336686473, 138.992002139741 37.637600878930606, 138.99196414834742 37.63747563809021, 138.9919344294392 37.63734818064403, 138.991932907716 37.63734045089156, 138.988983907716 37.622203450891554, 138.98896411027727 37.622082052384435, 138.98895128215352 37.62195180625846, 138.9889511493821 37.62194976455658, 138.98894714938208 37.62188776455658, 138.98894299999998 37.621759, 138.9889472821535 37.621628193741536, 138.98896011027725 37.62149794761556, 138.98898142943918 37.621368819355965, 138.9890111483474 37.62124136190979, 138.98904091121656 37.62114089138496, 138.98926091121658 37.620463891384965, 138.989269139741 37.620439121069396, 138.98930518475314 37.620341376945746, 138.99196818475315 37.61366137694574, 138.99197000958907 37.61365681573122, 138.99314600958905 37.61072781573122, 138.99315424093498 37.61070763313526, 138.99315732458035 37.61070023056725, 138.99321932458037 37.61055223056725, 138.9932445237176 37.61049463498523, 138.9933125237176 37.61034563498523, 138.99333825451694 37.61029142261956, 138.99336991986527 37.610229916706224, 138.99344991986527 37.610080916706224, 138.99347941832391 37.610027920055416, 138.99355841832391 37.60989092005541, 138.99355894919245 37.60989, 138.9935830398779 37.6098493885349, 138.9936750398779 37.6096983885349, 138.9937200607754 37.609627859533965, 138.99372956824539 37.609613760721956, 138.99979256824537 37.60070476072195, 138.99985929331942 37.60061247714198, 138.99994232038503 37.600511308369796, 138.99999507260333 37.60045347913579, 139.00003207260335 37.600414479135786, 139.00006878643762 37.60037678643763, 139.00016430836982 37.60028732038504, 139.000265477142 37.600204293319415, 139.0003320131878 37.60015538716129, 139.0003860131878 37.60011738716129, 139.00042585953398 37.6000900607754, 139.000537 37.600020949192434, 139.00065242261957 37.59995925451694, 139.0007716331353 37.59990524093498, 139.0008941210694 37.599859139741014, 139.000996687273 37.59982736707625, 139.00303168727297 37.59925636707625, 139.0030543619098 37.59925014834742, 139.00316323239954 37.59922421833474, 139.00389123239955 37.59907221833474, 139.00390981935598 37.59906842943919, 139.00395891713248 37.59905929898831, 139.00406291713247 37.599041298988304, 139.00406418616697 37.59904107976851, 139.00536918616697 37.59881607976851, 139.00544794761555 37.59880411027725, 139.00557819374154 37.59879128215352, 139.005709 37.598786999999994)), ((140.915132 38.266189999999995, 140.91526280625845 38.26619428215352, 140.91539305238445 38.26620711027725, 140.91549669915287 38.26622353247474, 140.91711969915286 38.26652453247474, 140.917145180644 38.26652942943919, 140.91714723227082 38.26652983864872, 140.91715223227084 38.26653083864873, 140.91727532530106 38.26655953012079, 140.91729032530105 38.266563530120784, 140.9172926380902 38.26656414834742, 140.91741787893062 38.26660213974101, 140.91741816485282 38.266602236822585, 140.9175241648528 38.26663823682259, 140.9175602889273 38.26665089220052, 140.9175962889273 38.266663892200526, 140.91765082674354 38.26668448977147, 140.91790182674353 38.26678348977147, 140.91793336686473 38.26679624093498, 140.91798872935482 38.26682015698972, 140.9180287293548 38.26683815698972, 140.91809257738043 38.266868254516936, 140.918208 38.26692994919243, 140.91831914046602 38.2669990607754, 140.918425522858 38.267075293319415, 140.91852669163018 38.26715832038504, 140.91862221356237 38.26724778643763, 140.91871167961494 38.267343308369796, 140.91879470668056 38.26744447714198, 140.9188709392246 38.26755085953396, 140.91894005080755 38.267662, 140.91900174548306 38.26777742261956, 140.919055759065 38.267896633135265, 140.919101860259 38.26801912106939, 140.91911955801746 38.26807382830242, 140.91913155801745 38.26811282830242, 140.91915185165257 38.26818336190979, 140.9191815705608 38.26831081935597, 140.91920288972273 38.26843994761556, 140.9192043317427 38.268451144972346, 140.9549213317427 38.552113144972346, 140.954932618967 38.55223069377016, 140.954944618967 38.55241169377016, 140.95494471784647 38.552413193741536, 140.95494788981395 38.55247737033938, 140.95495388981396 38.55265737033938, 140.954955 38.552724, 140.95495255911888 38.55282278039605, 140.95494355911887 38.55300478039605, 140.95494171784648 38.55303680625846, 140.95492888972274 38.55316705238444, 140.95492817547634 38.55317242143493, 140.95490317547635 38.55335842143493, 140.95489119354167 38.55343600204698, 140.95485819354167 38.55362500204698, 140.9548495705608 38.55367118064403, 140.9548198516526 38.55379863809021, 140.9548133018803 38.553822491153895, 140.9547593018803 38.55401449115389, 140.954727860259 38.5541158789306, 140.95468693315425 38.554225754093906, 140.95460893315425 38.55441775409391, 140.954603759065 38.554430366864736, 140.95455251457219 38.55454393992509, 140.9544615145722 38.55472993992509, 140.95445874548307 38.55473557738044, 140.95439705080756 38.554851, 140.95437915879924 38.55488136867721, 140.95426915879924 38.55506436867721, 140.9542179392246 38.55514514046604, 140.9541824669424 38.55519647638743, 140.9540574669424 38.55537147638743, 140.95401670668056 38.55542652285802, 140.953960306237 38.55549669671157, 140.95382230623702 38.55566069671157, 140.95379567961496 38.5556916916302, 140.95378571469973 38.55570296856948, 140.95059371469972 38.55928796856948, 140.95051421356237 38.55937221356237, 140.95041869163018 38.559461679614955, 140.950317522858 38.55954470668058, 140.95021114046602 38.5596209392246, 140.9501 38.55969005080757, 140.94998457738043 38.55975174548306, 140.9498653668647 38.55980575906502, 140.9497428789306 38.55985186025899, 140.9496176380902 38.55988985165258, 140.949490180644 38.55991957056081, 140.94936105238443 38.559940889722746, 140.94923080625844 38.559953717846476, 140.9491 38.559958, 140.94896919374153 38.559953717846476, 140.94883894761554 38.559940889722746, 140.94870981935597 38.55991957056081, 140.94858236190979 38.55988985165258, 140.94845712106937 38.55985186025899, 140.94833463313526 38.55980575906502, 140.94821542261954 38.55975174548306, 140.94809999999998 38.55969005080757, 140.94798885953395 38.5596209392246, 140.94788247714197 38.55954470668058, 140.9477813083698 38.559461679614955, 140.9476857864376 38.55937221356237, 140.94759632038503 38.5592766916302, 140.94751329331942 38.55917552285802, 140.94744469186648 38.55908047716373, 140.92284769186648 38.52280747716373, 140.92284006077537 38.522796140466035, 140.92277094919243 38.522684999999996, 140.92270925451692 38.52256957738044, 140.92265524093497 38.52245036686473, 140.92260913974098 38.522327878930604, 140.9225858143194 38.52225456041486, 140.87108881431942 38.34891156041486, 140.87107414834742 38.34885963809021, 140.8710444294392 38.348732180644035, 140.8710332121523 38.348670797974414, 140.8710182121523 38.348580797974414, 140.87100811027727 38.34851305238444, 140.87099528215353 38.34838280625846, 140.870991 38.348252, 140.87099528215353 38.34812119374154, 140.87100811027727 38.347990947615564, 140.8710294294392 38.34786181935597, 140.87105914834743 38.347734361909794, 140.87107847161064 38.34766699131643, 140.87110447161064 38.347581991316424, 140.871123139741 38.34752412106939, 140.871169240935 38.34740163313526, 140.87122325451693 38.34728242261956, 140.87124736278514 38.3472351286957, 140.91336236278514 38.2672581286957, 140.91339994919244 38.26719, 140.91346906077538 38.26707885953396, 140.91354529331943 38.26697247714198, 140.91362832038504 38.266871308369794, 140.91371778643762 38.26677578643763, 140.9138133083698 38.26668632038504, 140.913914477142 38.26660329331941, 140.91402085953396 38.266527060775395, 140.914132 38.26645794919243, 140.91424742261955 38.266396254516934, 140.91436663313527 38.266342240934975, 140.91448912106938 38.26629613974101, 140.9146143619098 38.26625814834742, 140.91474181935598 38.26622842943919, 140.91487094761555 38.26620711027725, 140.91500119374155 38.26619428215352, 140.915132 38.266189999999995)))', 4326),shape);
2020-11-16 08:59:09,741 INFO  [main] PostGISReader: result_set:org.postgresql.jdbc4.Jdbc4ResultSet@6d4d66d2
2020-11-16 09:01:28,944 INFO  [main] RoadMap: inserted 31889 (60933) roads and finished
2020-11-16 09:01:28,944 INFO  [main] PostGISReader: close reader
2020-11-16 09:01:29,030 INFO  [main] RoadMap: ~0 megabytes used for road data (estimate)
2020-11-16 09:01:29,030 INFO  [main] Loader: cache map into file /home/runner/work/Coper/Coper/incrementP.bfmap
2020-11-16 09:01:29,305 INFO  [main] RoadMap: index and topology constructing ...
2020-11-16 09:01:29,481 INFO  [main] RoadMap: ~0 megabytes used for network topology (estimate)
2020-11-16 09:01:29,728 INFO  [main] RoadMap: ~5 megabytes used for spatial index (estimate)
2020-11-16 09:01:29,728 INFO  [main] Loader: caching map data
2020-11-16 09:01:29,728 INFO  [main] Loader: test on part-00000-tid-9075788885691182394-0d93d3e4-69c4-4a21-91d5-e0b7385322bc-47825-1-c000.csv
2020-11-16 09:01:29,746 INFO  [main] Loader: load map from file /home/runner/work/Coper/Coper/incrementP.bfmap
2020-11-16 09:01:29,809 INFO  [main] RoadMap: inserting roads ...
2020-11-16 09:01:30,167 INFO  [main] RoadMap: inserted 31889 (60933) roads and finished
2020-11-16 09:01:30,274 INFO  [main] RoadMap: ~11 megabytes used for road data (estimate)
2020-11-16 09:01:30,274 INFO  [main] RoadMap: index and topology constructing ...
2020-11-16 09:01:30,455 INFO  [main] RoadMap: ~3 megabytes used for network topology (estimate)
2020-11-16 09:01:30,682 INFO  [main] RoadMap: ~5 megabytes used for spatial index (estimate)
2020-11-16 09:01:30,784 WARN  [main] Matcher: HMM break - no state transitions
2020-11-16 09:01:30,826 WARN  [main] Matcher: HMM break - no state transitions
2020-11-16 09:01:30,990 WARN  [main] Matcher: HMM break - no state transitions
2020-11-16 09:01:31,008 WARN  [main] Matcher: HMM break - no state transitions
2020-11-16 09:01:31,250 WARN  [main] Matcher: HMM break - no state transitions
2020-11-16 09:01:31,375 WARN  [main] Matcher: HMM break - no state transitions
2020-11-16 09:01:31,545 WARN  [main] Matcher: HMM break - no state transitions
2020-11-16 09:01:31,623 WARN  [main] Matcher: HMM break - no state transitions
2020-11-16 09:01:31,827 WARN  [main] Matcher: HMM break - no state transitions
2020-11-16 09:01:31,931 WARN  [main] Matcher: HMM break - no state transitions
2020-11-16 09:01:31,933 WARN  [main] Matcher: HMM break - no state transitions
2020-11-16 09:01:31,934 WARN  [main] Matcher: HMM break - no state transitions
2020-11-16 09:01:32,077 WARN  [main] Matcher: HMM break - no state transitions
2020-11-16 09:01:32,143 WARN  [main] Matcher: HMM break - no state transitions
2020-11-16 09:01:32,157 WARN  [main] Matcher: HMM break - no state transitions
2020-11-16 09:01:32,301 WARN  [main] Matcher: HMM break - no state transitions
2020-11-16 09:01:32,315 WARN  [main] Matcher: HMM break - no state transitions
2020-11-16 09:01:32,848 WARN  [main] Matcher: HMM break - no state transitions
2020-11-16 09:01:32,861 WARN  [main] Matcher: HMM break - no state transitions
2020-11-16 09:01:38,429 WARN  [main] Matcher: HMM break - no state transitions
2020-11-16 09:01:38,743 WARN  [main] Matcher: HMM break - no state transitions
2020-11-16 09:01:39,185 WARN  [main] Matcher: HMM break - no state transitions
2020-11-16 09:01:39,187 WARN  [main] Matcher: HMM break - no state transitions
2020-11-16 09:01:39,198 WARN  [main] Matcher: HMM break - no state transitions
2020-11-16 09:01:39,416 INFO  [main] Loader: Match part-00000-tid-9075788885691182394-0d93d3e4-69c4-4a21-91d5-e0b7385322bc-47825-1-c000.csv took 8719 ms
2020-11-16 09:01:39,417 INFO  [main] Loader: Checking whether the Route is continuous.
Annotation Error Message: 114514
Annotation Warning Message: 114514
Annotation Debug Message: 114514
]]></system-out>
  </testcase>
</testsuite>
