<?xml version="1.0" encoding="UTF-8"?>
<testsuite xmlns:xsi="http://www.w3.org/2001/XMLSchema-instance" xsi:noNamespaceSchemaLocation="https://maven.apache.org/surefire/maven-surefire-plugin/xsd/surefire-test-report.xsd" name="com.bmwcarit.barefoot.markov.FilterTest" time="0.325" tests="4" errors="0" skipped="0" failures="0">
  <properties>
[...]
</properties>
  <testcase name="FilterTestSubsequent" classname="com.bmwcarit.barefoot.markov.FilterTest" time="0.291"/>
  <testcase name="FilterTestInitial" classname="com.bmwcarit.barefoot.markov.FilterTest" time="0.004"/>
  <testcase name="FilterTestBreakTransition" classname="com.bmwcarit.barefoot.markov.FilterTest" time="0.005"/>
  <testcase name="FilterTestBreakCandidates" classname="com.bmwcarit.barefoot.markov.FilterTest" time="0.001"/>
</testsuite>